<?xml version="1.0" encoding="UTF-8"?>
<testng-results skipped="0" failed="1" ignored="0" total="4" passed="3">
  <reporter-output>
  </reporter-output>
  <suite name="Default suite" duration-ms="383144" started-at="2020-11-24T10:33:53Z" finished-at="2020-11-24T10:40:16Z">
    <groups>
    </groups>
    <test name="Default test" duration-ms="383144" started-at="2020-11-24T10:33:53Z" finished-at="2020-11-24T10:40:16Z">
      <class name="com.qa.testcases.AncillaryChargeCreation">
        <test-method status="PASS" signature="setExtent()[pri:0, instance:com.qa.testcases.AncillaryChargeCreation@59494225]" name="setExtent" is-config="true" duration-ms="250" started-at="2020-11-24T10:33:53Z" finished-at="2020-11-24T10:33:53Z">
          <reporter-output>
          </reporter-output>
        </test-method> <!-- setExtent -->
        <test-method status="PASS" signature="setUp()[pri:0, instance:com.qa.testcases.AncillaryChargeCreation@59494225]" name="setUp" is-config="true" duration-ms="19170" started-at="2020-11-24T10:33:54Z" finished-at="2020-11-24T10:34:13Z">
          <reporter-output>
          </reporter-output>
        </test-method> <!-- setUp -->
        <test-method status="PASS" signature="customer_payment_charge_selection(java.lang.String, java.lang.String, java.lang.String, java.lang.String)[pri:1, instance:com.qa.testcases.AncillaryChargeCreation@59494225]" name="customer_payment_charge_selection" duration-ms="72559" started-at="2020-11-24T10:34:13Z" data-provider="customer_payment" finished-at="2020-11-24T10:35:26Z">
          <params>
            <param index="0">
              <value>
                <![CDATA[10]]>
              </value>
            </param>
            <param index="1">
              <value>
                <![CDATA[Bad Debt]]>
              </value>
            </param>
            <param index="2">
              <value>
                <![CDATA[Customer Payment with charges]]>
              </value>
            </param>
            <param index="3">
              <value>
                <![CDATA[1]]>
              </value>
            </param>
          </params>
          <reporter-output>
          </reporter-output>
        </test-method> <!-- customer_payment_charge_selection -->
        <test-method status="PASS" signature="tearDown(org.testng.ITestResult)[pri:0, instance:com.qa.testcases.AncillaryChargeCreation@59494225]" name="tearDown" is-config="true" duration-ms="943" started-at="2020-11-24T10:35:26Z" finished-at="2020-11-24T10:35:27Z">
          <params>
            <param index="0">
              <value>
                <![CDATA[[TestResult name=customer_payment_charge_selection status=SUCCESS method=AncillaryChargeCreation.customer_payment_charge_selection(java.lang.String, java.lang.String, java.lang.String, java.lang.String)[pri:1, instance:com.qa.testcases.AncillaryChargeCreation@59494225] output={null}]]]>
              </value>
            </param>
          </params>
          <reporter-output>
          </reporter-output>
        </test-method> <!-- tearDown -->
        <test-method status="PASS" signature="setUp()[pri:0, instance:com.qa.testcases.AncillaryChargeCreation@59494225]" name="setUp" is-config="true" duration-ms="19147" started-at="2020-11-24T10:35:27Z" finished-at="2020-11-24T10:35:46Z">
          <reporter-output>
          </reporter-output>
        </test-method> <!-- setUp -->
        <test-method status="FAIL" signature="customer_payment_charge_selection(java.lang.String, java.lang.String, java.lang.String, java.lang.String)[pri:1, instance:com.qa.testcases.AncillaryChargeCreation@59494225]" name="customer_payment_charge_selection" duration-ms="64438" started-at="2020-11-24T10:35:46Z" data-provider="customer_payment" finished-at="2020-11-24T10:36:50Z">
          <params>
            <param index="0">
              <value>
                <![CDATA[2]]>
              </value>
            </param>
            <param index="1">
              <value>
                <![CDATA[Bank Charges]]>
              </value>
            </param>
            <param index="2">
              <value>
                <![CDATA[Full Payment with Bank Charges]]>
              </value>
            </param>
            <param index="3">
              <value>
                <![CDATA[1]]>
              </value>
            </param>
          </params>
          <exception class="junit.framework.AssertionFailedError">
            <message>
              <![CDATA[expected:<true> but was:<false>]]>
            </message>
            <full-stacktrace>
              <![CDATA[junit.framework.AssertionFailedError: expected:<true> but was:<false>
at junit.framework.Assert.fail(Assert.java:57)
at junit.framework.Assert.failNotEquals(Assert.java:329)
at junit.framework.Assert.assertEquals(Assert.java:78)
at junit.framework.Assert.assertEquals(Assert.java:174)
at junit.framework.Assert.assertEquals(Assert.java:181)
at com.qa.pages.AncillaryCharges.charge_selection(AncillaryCharges.java:477)
at com.qa.testcases.AncillaryChargeCreation.customer_payment_charge_selection(AncillaryChargeCreation.java:95)
at sun.reflect.NativeMethodAccessorImpl.invoke0(Native Method)
at sun.reflect.NativeMethodAccessorImpl.invoke(NativeMethodAccessorImpl.java:62)
at sun.reflect.DelegatingMethodAccessorImpl.invoke(DelegatingMethodAccessorImpl.java:43)
at java.lang.reflect.Method.invoke(Method.java:498)
at org.testng.internal.MethodInvocationHelper.invokeMethod(MethodInvocationHelper.java:124)
at org.testng.internal.Invoker.invokeMethod(Invoker.java:583)
at org.testng.internal.Invoker.invokeTestMethod(Invoker.java:719)
at org.testng.internal.Invoker.invokeTestMethods(Invoker.java:989)
at org.testng.internal.TestMethodWorker.invokeTestMethods(TestMethodWorker.java:125)
at org.testng.internal.TestMethodWorker.run(TestMethodWorker.java:109)
at org.testng.TestRunner.privateRun(TestRunner.java:648)
at org.testng.TestRunner.run(TestRunner.java:505)
at org.testng.SuiteRunner.runTest(SuiteRunner.java:455)
at org.testng.SuiteRunner.runSequentially(SuiteRunner.java:450)
at org.testng.SuiteRunner.privateRun(SuiteRunner.java:415)
at org.testng.SuiteRunner.run(SuiteRunner.java:364)
at org.testng.SuiteRunnerWorker.runSuite(SuiteRunnerWorker.java:52)
at org.testng.SuiteRunnerWorker.run(SuiteRunnerWorker.java:84)
at org.testng.TestNG.runSuitesSequentially(TestNG.java:1208)
at org.testng.TestNG.runSuitesLocally(TestNG.java:1137)
at org.testng.TestNG.runSuites(TestNG.java:1049)
at org.testng.TestNG.run(TestNG.java:1017)
at org.testng.remote.AbstractRemoteTestNG.run(AbstractRemoteTestNG.java:115)
at org.testng.remote.RemoteTestNG.initAndRun(RemoteTestNG.java:251)
at org.testng.remote.RemoteTestNG.main(RemoteTestNG.java:77)
]]>
            </full-stacktrace>
          </exception> <!-- junit.framework.AssertionFailedError -->
          <reporter-output>
          </reporter-output>
        </test-method> <!-- customer_payment_charge_selection -->
        <test-method status="PASS" signature="tearDown(org.testng.ITestResult)[pri:0, instance:com.qa.testcases.AncillaryChargeCreation@59494225]" name="tearDown" is-config="true" duration-ms="813" started-at="2020-11-24T10:36:50Z" finished-at="2020-11-24T10:36:51Z">
          <params>
            <param index="0">
              <value>
                <![CDATA[[TestResult name=customer_payment_charge_selection status=FAILURE method=AncillaryChargeCreation.customer_payment_charge_selection(java.lang.String, java.lang.String, java.lang.String, java.lang.String)[pri:1, instance:com.qa.testcases.AncillaryChargeCreation@59494225] output={null}]]]>
              </value>
            </param>
          </params>
          <reporter-output>
          </reporter-output>
        </test-method> <!-- tearDown -->
        <test-method status="PASS" signature="setUp()[pri:0, instance:com.qa.testcases.AncillaryChargeCreation@59494225]" name="setUp" is-config="true" duration-ms="19824" started-at="2020-11-24T10:36:51Z" finished-at="2020-11-24T10:37:11Z">
          <reporter-output>
          </reporter-output>
        </test-method> <!-- setUp -->
        <test-method status="PASS" signature="customer_payment_charge_selection(java.lang.String, java.lang.String, java.lang.String, java.lang.String)[pri:1, instance:com.qa.testcases.AncillaryChargeCreation@59494225]" name="customer_payment_charge_selection" duration-ms="83277" started-at="2020-11-24T10:37:11Z" data-provider="customer_payment" finished-at="2020-11-24T10:38:34Z">
          <params>
            <param index="0">
              <value>
                <![CDATA[2]]>
              </value>
            </param>
            <param index="1">
              <value>
                <![CDATA[Bank Charges]]>
              </value>
            </param>
            <param index="2">
              <value>
                <![CDATA[Partial payment]]>
              </value>
            </param>
            <param index="3">
              <value>
                <![CDATA[1]]>
              </value>
            </param>
          </params>
          <reporter-output>
          </reporter-output>
        </test-method> <!-- customer_payment_charge_selection -->
        <test-method status="PASS" signature="tearDown(org.testng.ITestResult)[pri:0, instance:com.qa.testcases.AncillaryChargeCreation@59494225]" name="tearDown" is-config="true" duration-ms="796" started-at="2020-11-24T10:38:34Z" finished-at="2020-11-24T10:38:35Z">
          <params>
            <param index="0">
              <value>
                <![CDATA[[TestResult name=customer_payment_charge_selection status=SUCCESS method=AncillaryChargeCreation.customer_payment_charge_selection(java.lang.String, java.lang.String, java.lang.String, java.lang.String)[pri:1, instance:com.qa.testcases.AncillaryChargeCreation@59494225] output={null}]]]>
              </value>
            </param>
          </params>
          <reporter-output>
          </reporter-output>
        </test-method> <!-- tearDown -->
        <test-method status="PASS" signature="setUp()[pri:0, instance:com.qa.testcases.AncillaryChargeCreation@59494225]" name="setUp" is-config="true" duration-ms="17674" started-at="2020-11-24T10:38:35Z" finished-at="2020-11-24T10:38:53Z">
          <reporter-output>
          </reporter-output>
        </test-method> <!-- setUp -->
        <test-method status="PASS" signature="customer_payment_charge_selection(java.lang.String, java.lang.String, java.lang.String, java.lang.String)[pri:1, instance:com.qa.testcases.AncillaryChargeCreation@59494225]" name="customer_payment_charge_selection" duration-ms="82179" started-at="2020-11-24T10:38:53Z" data-provider="customer_payment" finished-at="2020-11-24T10:40:15Z">
          <params>
            <param index="0">
              <value>
                <![CDATA[5]]>
              </value>
            </param>
            <param index="1">
              <value>
                <![CDATA[Write Off]]>
              </value>
            </param>
            <param index="2">
              <value>
                <![CDATA[Write Off Charge creation Test case]]>
              </value>
            </param>
            <param index="3">
              <value>
                <![CDATA[1]]>
              </value>
            </param>
          </params>
          <reporter-output>
          </reporter-output>
        </test-method> <!-- customer_payment_charge_selection -->
        <test-method status="PASS" signature="tearDown(org.testng.ITestResult)[pri:0, instance:com.qa.testcases.AncillaryChargeCreation@59494225]" name="tearDown" is-config="true" duration-ms="811" started-at="2020-11-24T10:40:15Z" finished-at="2020-11-24T10:40:16Z">
          <params>
            <param index="0">
              <value>
                <![CDATA[[TestResult name=customer_payment_charge_selection status=SUCCESS method=AncillaryChargeCreation.customer_payment_charge_selection(java.lang.String, java.lang.String, java.lang.String, java.lang.String)[pri:1, instance:com.qa.testcases.AncillaryChargeCreation@59494225] output={null}]]]>
              </value>
            </param>
          </params>
          <reporter-output>
          </reporter-output>
        </test-method> <!-- tearDown -->
        <test-method status="PASS" signature="endReport()[pri:0, instance:com.qa.testcases.AncillaryChargeCreation@59494225]" name="endReport" is-config="true" duration-ms="415" started-at="2020-11-24T10:40:16Z" finished-at="2020-11-24T10:40:16Z">
          <reporter-output>
          </reporter-output>
        </test-method> <!-- endReport -->
      </class> <!-- com.qa.testcases.AncillaryChargeCreation -->
    </test> <!-- Default test -->
  </suite> <!-- Default suite -->
</testng-results>
